kotlin version: 2.0.0
error message: org.jetbrains.kotlin.backend.common.BackendException: Backend Internal error: Exception during IR lowering
File being compiled: /Users/soumikpaul/Desktop/CustomLib/OTPViewLibrary/OTPViewLibrary/src/main/java/com/code4galaxy/otpviewlibrary/OTPComponent.kt
The root cause java.lang.RuntimeException was thrown at: org.jetbrains.kotlin.backend.jvm.codegen.FunctionCodegen.generate(FunctionCodegen.kt:50)
	at org.jetbrains.kotlin.backend.common.CodegenUtil.reportBackendException(CodegenUtil.kt:253)
	at org.jetbrains.kotlin.backend.common.CodegenUtil.reportBackendException$default(CodegenUtil.kt:236)
	at org.jetbrains.kotlin.backend.common.phaser.PerformByIrFilePhase.invokeSequential(performByIrFile.kt:65)
	at org.jetbrains.kotlin.backend.common.phaser.PerformByIrFilePhase.invoke(performByIrFile.kt:52)
	at org.jetbrains.kotlin.backend.common.phaser.PerformByIrFilePhase.invoke(performByIrFile.kt:38)
	at org.jetbrains.kotlin.backend.common.phaser.NamedCompilerPhase.phaseBody(CompilerPhase.kt:166)
	at org.jetbrains.kotlin.backend.common.phaser.AbstractNamedCompilerPhase.invoke(CompilerPhase.kt:113)
	at org.jetbrains.kotlin.backend.common.phaser.CompositePhase.invoke(PhaseBuilders.kt:29)
	at org.jetbrains.kotlin.backend.common.phaser.CompositePhase.invoke(PhaseBuilders.kt:16)
	at org.jetbrains.kotlin.backend.common.phaser.NamedCompilerPhase.phaseBody(CompilerPhase.kt:166)
	at org.jetbrains.kotlin.backend.common.phaser.AbstractNamedCompilerPhase.invoke(CompilerPhase.kt:113)
	at org.jetbrains.kotlin.backend.common.phaser.CompilerPhaseKt.invokeToplevel(CompilerPhase.kt:62)
	at org.jetbrains.kotlin.backend.jvm.JvmIrCodegenFactory.invokeCodegen(JvmIrCodegenFactory.kt:371)
	at org.jetbrains.kotlin.codegen.CodegenFactory.generateModule(CodegenFactory.kt:47)
	at org.jetbrains.kotlin.backend.jvm.JvmIrCodegenFactory.generateModuleInFrontendIRMode(JvmIrCodegenFactory.kt:433)
	at org.jetbrains.kotlin.cli.jvm.compiler.pipeline.JvmCompilerPipelineKt.generateCodeFromIr(jvmCompilerPipeline.kt:241)
	at org.jetbrains.kotlin.cli.jvm.compiler.pipeline.JvmCompilerPipelineKt.compileModulesUsingFrontendIrAndLightTree(jvmCompilerPipeline.kt:140)
	at org.jetbrains.kotlin.cli.jvm.K2JVMCompiler.doExecute(K2JVMCompiler.kt:155)
	at org.jetbrains.kotlin.cli.jvm.K2JVMCompiler.doExecute(K2JVMCompiler.kt:50)
	at org.jetbrains.kotlin.cli.common.CLICompiler.execImpl(CLICompiler.kt:104)
	at org.jetbrains.kotlin.cli.common.CLICompiler.execImpl(CLICompiler.kt:48)
	at org.jetbrains.kotlin.cli.common.CLITool.exec(CLITool.kt:101)
	at org.jetbrains.kotlin.incremental.IncrementalJvmCompilerRunner.runCompiler(IncrementalJvmCompilerRunner.kt:453)
	at org.jetbrains.kotlin.incremental.IncrementalJvmCompilerRunner.runCompiler(IncrementalJvmCompilerRunner.kt:62)
	at org.jetbrains.kotlin.incremental.IncrementalCompilerRunner.doCompile(IncrementalCompilerRunner.kt:506)
	at org.jetbrains.kotlin.incremental.IncrementalCompilerRunner.compileImpl(IncrementalCompilerRunner.kt:423)
	at org.jetbrains.kotlin.incremental.IncrementalCompilerRunner.compileNonIncrementally(IncrementalCompilerRunner.kt:301)
	at org.jetbrains.kotlin.incremental.IncrementalCompilerRunner.compile(IncrementalCompilerRunner.kt:129)
	at org.jetbrains.kotlin.daemon.CompileServiceImplBase.execIncrementalCompiler(CompileServiceImpl.kt:676)
	at org.jetbrains.kotlin.daemon.CompileServiceImplBase.access$execIncrementalCompiler(CompileServiceImpl.kt:92)
	at org.jetbrains.kotlin.daemon.CompileServiceImpl.compile(CompileServiceImpl.kt:1661)
	at java.base/jdk.internal.reflect.DirectMethodHandleAccessor.invoke(Unknown Source)
	at java.base/java.lang.reflect.Method.invoke(Unknown Source)
	at java.rmi/sun.rmi.server.UnicastServerRef.dispatch(Unknown Source)
	at java.rmi/sun.rmi.transport.Transport$1.run(Unknown Source)
	at java.rmi/sun.rmi.transport.Transport$1.run(Unknown Source)
	at java.base/java.security.AccessController.doPrivileged(Unknown Source)
	at java.rmi/sun.rmi.transport.Transport.serviceCall(Unknown Source)
	at java.rmi/sun.rmi.transport.tcp.TCPTransport.handleMessages(Unknown Source)
	at java.rmi/sun.rmi.transport.tcp.TCPTransport$ConnectionHandler.run0(Unknown Source)
	at java.rmi/sun.rmi.transport.tcp.TCPTransport$ConnectionHandler.lambda$run$0(Unknown Source)
	at java.base/java.security.AccessController.doPrivileged(Unknown Source)
	at java.rmi/sun.rmi.transport.tcp.TCPTransport$ConnectionHandler.run(Unknown Source)
	at java.base/java.util.concurrent.ThreadPoolExecutor.runWorker(Unknown Source)
	at java.base/java.util.concurrent.ThreadPoolExecutor$Worker.run(Unknown Source)
	at java.base/java.lang.Thread.run(Unknown Source)
Caused by: java.lang.RuntimeException: Exception while generating code for:
FUN name:CharView-pUYQjBo visibility:private modality:FINAL <> (index:kotlin.Int, otpCount:kotlin.Int, text:kotlin.String, charColor:androidx.compose.ui.graphics.Color, highlightColor:androidx.compose.ui.graphics.Color, containerColor:androidx.compose.ui.graphics.Color, charSize:androidx.compose.ui.unit.TextUnit, containerSize:androidx.compose.ui.unit.Dp, containerRadius:androidx.compose.ui.unit.Dp, type:kotlin.Int, charBackground:androidx.compose.ui.graphics.Color, password:kotlin.Boolean, passwordChar:kotlin.String) returnType:kotlin.Unit
  annotations:
    Composable
  VALUE_PARAMETER name:index index:0 type:kotlin.Int
  VALUE_PARAMETER name:otpCount index:1 type:kotlin.Int
  VALUE_PARAMETER name:text index:2 type:kotlin.String
  VALUE_PARAMETER name:charColor index:3 type:androidx.compose.ui.graphics.Color
  VALUE_PARAMETER name:highlightColor index:4 type:androidx.compose.ui.graphics.Color
  VALUE_PARAMETER name:containerColor index:5 type:androidx.compose.ui.graphics.Color
  VALUE_PARAMETER name:charSize index:6 type:androidx.compose.ui.unit.TextUnit
  VALUE_PARAMETER name:containerSize index:7 type:androidx.compose.ui.unit.Dp
  VALUE_PARAMETER name:containerRadius index:8 type:androidx.compose.ui.unit.Dp
  VALUE_PARAMETER name:type index:9 type:kotlin.Int
    EXPRESSION_BODY
      ERROR_EXPR 'Default Stub' type=kotlin.Int
  VALUE_PARAMETER name:charBackground index:10 type:androidx.compose.ui.graphics.Color
    EXPRESSION_BODY
      ERROR_EXPR 'Default Stub' type=androidx.compose.ui.graphics.Color
  VALUE_PARAMETER name:password index:11 type:kotlin.Boolean
    EXPRESSION_BODY
      ERROR_EXPR 'Default Stub' type=kotlin.Boolean
  VALUE_PARAMETER name:passwordChar index:12 type:kotlin.String
    EXPRESSION_BODY
      ERROR_EXPR 'Default Stub' type=kotlin.String
  BLOCK_BODY
    VAR name:containerColor2 type:androidx.compose.ui.graphics.Color [val]
      WHEN type=androidx.compose.ui.graphics.Color origin=IF
        BRANCH
          if: CALL 'public final fun OROR (arg0: kotlin.Boolean, arg1: kotlin.Boolean): kotlin.Boolean declared in kotlin.internal.ir' type=kotlin.Boolean origin=null
            arg0: CALL 'public final fun EQEQ (arg0: kotlin.Any?, arg1: kotlin.Any?): kotlin.Boolean declared in kotlin.internal.ir' type=kotlin.Boolean origin=EQEQ
              arg0: GET_VAR 'index: kotlin.Int declared in com.code4galaxy.otpviewlibrary.OTPComponentKt.CharView-pUYQjBo' type=kotlin.Int origin=null
              arg1: CALL 'public open fun <get-length> (): kotlin.Int declared in kotlin.String' type=kotlin.Int origin=GET_PROPERTY
                $this: GET_VAR 'text: kotlin.String declared in com.code4galaxy.otpviewlibrary.OTPComponentKt.CharView-pUYQjBo' type=kotlin.String origin=null
            arg1: CALL 'public final fun ANDAND (arg0: kotlin.Boolean, arg1: kotlin.Boolean): kotlin.Boolean declared in kotlin.internal.ir' type=kotlin.Boolean origin=null
              arg0: CALL 'public final fun EQEQ (arg0: kotlin.Any?, arg1: kotlin.Any?): kotlin.Boolean declared in kotlin.internal.ir' type=kotlin.Boolean origin=EQEQ
                arg0: GET_VAR 'index: kotlin.Int declared in com.code4galaxy.otpviewlibrary.OTPComponentKt.CharView-pUYQjBo' type=kotlin.Int origin=null
                arg1: CALL 'public final fun minus (other: kotlin.Int): kotlin.Int [operator] declared in kotlin.Int' type=kotlin.Int origin=MINUS
                  $this: GET_VAR 'otpCount: kotlin.Int declared in com.code4galaxy.otpviewlibrary.OTPComponentKt.CharView-pUYQjBo' type=kotlin.Int origin=null
                  other: CONST Int type=kotlin.Int value=1
              arg1: CALL 'public final fun EQEQ (arg0: kotlin.Any?, arg1: kotlin.Any?): kotlin.Boolean declared in kotlin.internal.ir' type=kotlin.Boolean origin=EQEQ
                arg0: CALL 'public open fun <get-length> (): kotlin.Int declared in kotlin.String' type=kotlin.Int origin=GET_PROPERTY
                  $this: GET_VAR 'text: kotlin.String declared in com.code4galaxy.otpviewlibrary.OTPComponentKt.CharView-pUYQjBo' type=kotlin.String origin=null
                arg1: GET_VAR 'otpCount: kotlin.Int declared in com.code4galaxy.otpviewlibrary.OTPComponentKt.CharView-pUYQjBo' type=kotlin.Int origin=null
          then: GET_VAR 'highlightColor: androidx.compose.ui.graphics.Color declared in com.code4galaxy.otpviewlibrary.OTPComponentKt.CharView-pUYQjBo' type=androidx.compose.ui.graphics.Color origin=null
        BRANCH
          if: CONST Boolean type=kotlin.Boolean value=true
          then: GET_VAR 'containerColor: androidx.compose.ui.graphics.Color declared in com.code4galaxy.otpviewlibrary.OTPComponentKt.CharView-pUYQjBo' type=androidx.compose.ui.graphics.Color origin=null
    VAR name:modifier type:androidx.compose.ui.Modifier [val]
      WHEN type=androidx.compose.ui.Modifier origin=IF
        BRANCH
          if: CALL 'public final fun EQEQ (arg0: kotlin.Any?, arg1: kotlin.Any?): kotlin.Boolean declared in kotlin.internal.ir' type=kotlin.Boolean origin=EQEQ
            arg0: GET_VAR 'type: kotlin.Int declared in com.code4galaxy.otpviewlibrary.OTPComponentKt.CharView-pUYQjBo' type=kotlin.Int origin=null
            arg1: CONST Int type=kotlin.Int value=2
          then: BLOCK type=androidx.compose.ui.Modifier origin=null
            CALL 'public final fun background-bw27NRU$default (color: androidx.compose.ui.graphics.Color, shape: androidx.compose.ui.graphics.Shape?, $mask0: kotlin.Int, $handler: kotlin.Any?): androidx.compose.ui.Modifier declared in androidx.compose.foundation.BackgroundKt' type=androidx.compose.ui.Modifier origin=DEFAULT_DISPATCH_CALL
              $receiver: CALL 'public final fun clip (shape: androidx.compose.ui.graphics.Shape): androidx.compose.ui.Modifier declared in androidx.compose.ui.draw.ClipKt' type=androidx.compose.ui.Modifier origin=null
                $receiver: CALL 'public final fun padding-qDBjuR0$default (start: androidx.compose.ui.unit.Dp, top: androidx.compose.ui.unit.Dp, end: androidx.compose.ui.unit.Dp, bottom: androidx.compose.ui.unit.Dp, $mask0: kotlin.Int, $handler: kotlin.Any?): androidx.compose.ui.Modifier declared in androidx.compose.foundation.layout.PaddingKt' type=androidx.compose.ui.Modifier origin=DEFAULT_DISPATCH_CALL
                  $receiver: CALL 'public final fun border-xT4_qwU (width: androidx.compose.ui.unit.Dp, color: androidx.compose.ui.graphics.Color, shape: androidx.compose.ui.graphics.Shape): androidx.compose.ui.Modifier declared in androidx.compose.foundation.BorderKt' type=androidx.compose.ui.Modifier origin=null
                    $receiver: CALL 'public final fun size-3ABfNKs (size: androidx.compose.ui.unit.Dp): androidx.compose.ui.Modifier declared in androidx.compose.foundation.layout.SizeKt' type=androidx.compose.ui.Modifier origin=null
                      $receiver: GET_FIELD 'FIELD FIELD_FOR_OBJECT_INSTANCE name:Companion type:androidx.compose.ui.Modifier.Companion visibility:public [final,static]' type=androidx.compose.ui.Modifier.Companion origin=null
                      size: GET_VAR 'containerSize: androidx.compose.ui.unit.Dp declared in com.code4galaxy.otpviewlibrary.OTPComponentKt.CharView-pUYQjBo' type=androidx.compose.ui.unit.Dp origin=null
                    width: CALL 'public final fun <get-dp> (): androidx.compose.ui.unit.Dp [inline] declared in androidx.compose.ui.unit.DpKt' type=androidx.compose.ui.unit.Dp origin=GET_PROPERTY
                      $receiver: CONST Int type=kotlin.Int value=1
                    color: GET_VAR 'val containerColor2: androidx.compose.ui.graphics.Color [val] declared in com.code4galaxy.otpviewlibrary.OTPComponentKt.CharView-pUYQjBo' type=androidx.compose.ui.graphics.Color origin=null
                    shape: CALL 'public final fun RoundedCornerShape-0680j_4 (size: androidx.compose.ui.unit.Dp): androidx.compose.foundation.shape.RoundedCornerShape declared in androidx.compose.foundation.shape.RoundedCornerShapeKt' type=androidx.compose.foundation.shape.RoundedCornerShape origin=null
                      size: GET_VAR 'containerRadius: androidx.compose.ui.unit.Dp declared in com.code4galaxy.otpviewlibrary.OTPComponentKt.CharView-pUYQjBo' type=androidx.compose.ui.unit.Dp origin=null
                  start: COMPOSITE type=androidx.compose.ui.unit.Dp origin=DEFAULT_VALUE
                    CALL 'public final fun <unsafe-coerce> <T, R> (v: T of kotlin.jvm.internal.<unsafe-coerce>): R of kotlin.jvm.internal.<unsafe-coerce> declared in kotlin.jvm.internal' type=androidx.compose.ui.unit.Dp origin=null
                      <T>: kotlin.Float
                      <R>: androidx.compose.ui.unit.Dp
                      v: CONST Float type=kotlin.Float value=0.0
                  top: COMPOSITE type=androidx.compose.ui.unit.Dp origin=DEFAULT_VALUE
                    CALL 'public final fun <unsafe-coerce> <T, R> (v: T of kotlin.jvm.internal.<unsafe-coerce>): R of kotlin.jvm.internal.<unsafe-coerce> declared in kotlin.jvm.internal' type=androidx.compose.ui.unit.Dp origin=null
                      <T>: kotlin.Float
                      <R>: androidx.compose.ui.unit.Dp
                      v: CONST Float type=kotlin.Float value=0.0
                  end: COMPOSITE type=androidx.compose.ui.unit.Dp origin=DEFAULT_VALUE
                    CALL 'public final fun <unsafe-coerce> <T, R> (v: T of kotlin.jvm.internal.<unsafe-coerce>): R of kotlin.jvm.internal.<unsafe-coerce> declared in kotlin.jvm.internal' type=androidx.compose.ui.unit.Dp origin=null
                      <T>: kotlin.Float
                      <R>: androidx.compose.ui.unit.Dp
                      v: CONST Float type=kotlin.Float value=0.0
                  bottom: CALL 'public final fun <get-dp> (): androidx.compose.ui.unit.Dp [inline] declared in androidx.compose.ui.unit.DpKt' type=androidx.compose.ui.unit.Dp origin=GET_PROPERTY
                    $receiver: CONST Int type=kotlin.Int value=4
                  $mask0: CONST Int type=kotlin.Int value=7
                  $handler: CONST Null type=kotlin.Any? value=null
                shape: CALL 'public final fun RoundedCornerShape-0680j_4 (size: androidx.compose.ui.unit.Dp): androidx.compose.foundation.shape.RoundedCornerShape declared in androidx.compose.foundation.shape.RoundedCornerShapeKt' type=androidx.compose.foundation.shape.RoundedCornerShape origin=null
                  size: GET_VAR 'containerRadius: androidx.compose.ui.unit.Dp declared in com.code4galaxy.otpviewlibrary.OTPComponentKt.CharView-pUYQjBo' type=androidx.compose.ui.unit.Dp origin=null
              color: GET_VAR 'charBackground: androidx.compose.ui.graphics.Color declared in com.code4galaxy.otpviewlibrary.OTPComponentKt.CharView-pUYQjBo' type=androidx.compose.ui.graphics.Color origin=null
              shape: COMPOSITE type=androidx.compose.ui.graphics.Shape? origin=DEFAULT_VALUE
                CONST Null type=androidx.compose.ui.graphics.Shape? value=null
              $mask0: CONST Int type=kotlin.Int value=2
              $handler: CONST Null type=kotlin.Any? value=null
        BRANCH
          if: CONST Boolean type=kotlin.Boolean value=true
          then: CALL 'public final fun background-bw27NRU$default (color: androidx.compose.ui.graphics.Color, shape: androidx.compose.ui.graphics.Shape?, $mask0: kotlin.Int, $handler: kotlin.Any?): androidx.compose.ui.Modifier declared in androidx.compose.foundation.BackgroundKt' type=androidx.compose.ui.Modifier origin=DEFAULT_DISPATCH_CALL
            $receiver: CALL 'public final fun width-3ABfNKs (width: androidx.compose.ui.unit.Dp): androidx.compose.ui.Modifier declared in androidx.compose.foundation.layout.SizeKt' type=androidx.compose.ui.Modifier origin=null
              $receiver: GET_FIELD 'FIELD FIELD_FOR_OBJECT_INSTANCE name:Companion type:androidx.compose.ui.Modifier.Companion visibility:public [final,static]' type=androidx.compose.ui.Modifier.Companion origin=null
              width: GET_VAR 'containerSize: androidx.compose.ui.unit.Dp declared in com.code4galaxy.otpviewlibrary.OTPComponentKt.CharView-pUYQjBo' type=androidx.compose.ui.unit.Dp origin=null
            color: GET_VAR 'charBackground: androidx.compose.ui.graphics.Color declared in com.code4galaxy.otpviewlibrary.OTPComponentKt.CharView-pUYQjBo' type=androidx.compose.ui.graphics.Color origin=null
            shape: COMPOSITE type=androidx.compose.ui.graphics.Shape? origin=DEFAULT_VALUE
              CONST Null type=androidx.compose.ui.graphics.Shape? value=null
            $mask0: CONST Int type=kotlin.Int value=2
            $handler: CONST Null type=kotlin.Any? value=null
    BLOCK type=kotlin.Unit origin=ARGUMENTS_REORDERING_FOR_CALL
      VAR IR_TEMPORARY_VARIABLE name:tmp3_horizontalAlignment type:androidx.compose.ui.Alignment.Horizontal [val]
        CALL 'public final fun <get-CenterHorizontally> (): androidx.compose.ui.Alignment.Horizontal declared in androidx.compose.ui.Alignment.Companion' type=androidx.compose.ui.Alignment.Horizontal origin=GET_PROPERTY
          $this: GET_FIELD 'FIELD FIELD_FOR_OBJECT_INSTANCE name:Companion type:androidx.compose.ui.Alignment.Companion visibility:public [final,static]' type=androidx.compose.ui.Alignment.Companion origin=null
      VAR IR_TEMPORARY_VARIABLE name:tmp4_verticalArrangement type:androidx.compose.foundation.layout.Arrangement.HorizontalOrVertical [val]
        CALL 'public final fun <get-Center> (): androidx.compose.foundation.layout.Arrangement.HorizontalOrVertical declared in androidx.compose.foundation.layout.Arrangement' type=androidx.compose.foundation.layout.Arrangement.HorizontalOrVertical origin=GET_PROPERTY
          $this: GET_FIELD 'FIELD FIELD_FOR_OBJECT_INSTANCE name:INSTANCE type:androidx.compose.foundation.layout.Arrangement visibility:public [final,static]' type=androidx.compose.foundation.layout.Arrangement origin=null
      CALL 'public final fun Column$default (modifier: androidx.compose.ui.Modifier?, verticalArrangement: androidx.compose.foundation.layout.Arrangement.Vertical?, horizontalAlignment: androidx.compose.ui.Alignment.Horizontal?, content: @[Composable] @[ExtensionFunctionType] kotlin.Function1<androidx.compose.foundation.layout.ColumnScope, kotlin.Unit>, $mask0: kotlin.Int, $handler: kotlin.Any?): kotlin.Unit [inline] declared in androidx.compose.foundation.layout.ColumnKt' type=kotlin.Unit origin=DEFAULT_DISPATCH_CALL
        modifier: COMPOSITE type=androidx.compose.ui.Modifier? origin=DEFAULT_VALUE
          CONST Null type=androidx.compose.ui.Modifier? value=null
        verticalArrangement: GET_VAR 'val tmp4_verticalArrangement: androidx.compose.foundation.layout.Arrangement.HorizontalOrVertical [val] declared in com.code4galaxy.otpviewlibrary.OTPComponentKt.CharView-pUYQjBo' type=androidx.compose.foundation.layout.Arrangement.HorizontalOrVertical origin=null
        horizontalAlignment: GET_VAR 'val tmp3_horizontalAlignment: androidx.compose.ui.Alignment.Horizontal [val] declared in com.code4galaxy.otpviewlibrary.OTPComponentKt.CharView-pUYQjBo' type=androidx.compose.ui.Alignment.Horizontal origin=null
        content: BLOCK type=@[ExtensionFunctionType] kotlin.Function1<androidx.compose.foundation.layout.ColumnScope, kotlin.Unit> origin=LAMBDA
          COMPOSITE type=kotlin.Unit origin=null
          FUNCTION_REFERENCE 'private final fun CharView_pUYQjBo$lambda$4 ($index: kotlin.Int, $text: kotlin.String, $password: kotlin.Boolean, $passwordChar: kotlin.String, $modifier: androidx.compose.ui.Modifier, $charColor: androidx.compose.ui.graphics.Color, $charSize: androidx.compose.ui.unit.TextUnit, $type: kotlin.Int, $containerSize: androidx.compose.ui.unit.Dp): kotlin.Unit declared in com.code4galaxy.otpviewlibrary.OTPComponentKt' type=@[ExtensionFunctionType] kotlin.Function1<androidx.compose.foundation.layout.ColumnScope, kotlin.Unit> origin=INLINE_LAMBDA reflectionTarget=null
            $index: GET_VAR 'index: kotlin.Int declared in com.code4galaxy.otpviewlibrary.OTPComponentKt.CharView-pUYQjBo' type=kotlin.Int origin=null
            $text: GET_VAR 'text: kotlin.String declared in com.code4galaxy.otpviewlibrary.OTPComponentKt.CharView-pUYQjBo' type=kotlin.String origin=null
            $password: GET_VAR 'password: kotlin.Boolean declared in com.code4galaxy.otpviewlibrary.OTPComponentKt.CharView-pUYQjBo' type=kotlin.Boolean origin=null
            $passwordChar: GET_VAR 'passwordChar: kotlin.String declared in com.code4galaxy.otpviewlibrary.OTPComponentKt.CharView-pUYQjBo' type=kotlin.String origin=null
            $modifier: GET_VAR 'val modifier: androidx.compose.ui.Modifier [val] declared in com.code4galaxy.otpviewlibrary.OTPComponentKt.CharView-pUYQjBo' type=androidx.compose.ui.Modifier origin=null
            $charColor: GET_VAR 'charColor: androidx.compose.ui.graphics.Color declared in com.code4galaxy.otpviewlibrary.OTPComponentKt.CharView-pUYQjBo' type=androidx.compose.ui.graphics.Color origin=null
            $charSize: GET_VAR 'charSize: androidx.compose.ui.unit.TextUnit declared in com.code4galaxy.otpviewlibrary.OTPComponentKt.CharView-pUYQjBo' type=androidx.compose.ui.unit.TextUnit origin=null
            $type: GET_VAR 'type: kotlin.Int declared in com.code4galaxy.otpviewlibrary.OTPComponentKt.CharView-pUYQjBo' type=kotlin.Int origin=null
            $containerSize: GET_VAR 'containerSize: androidx.compose.ui.unit.Dp declared in com.code4galaxy.otpviewlibrary.OTPComponentKt.CharView-pUYQjBo' type=androidx.compose.ui.unit.Dp origin=null
        $mask0: CONST Int type=kotlin.Int value=1
        $handler: CONST Null type=kotlin.Any? value=null

	at org.jetbrains.kotlin.backend.jvm.codegen.FunctionCodegen.generate(FunctionCodegen.kt:50)
	at org.jetbrains.kotlin.backend.jvm.codegen.FunctionCodegen.generate$default(FunctionCodegen.kt:42)
	at org.jetbrains.kotlin.backend.jvm.codegen.ClassCodegen.generateMethodNode(ClassCodegen.kt:385)
	at org.jetbrains.kotlin.backend.jvm.codegen.ClassCodegen.generateMethod(ClassCodegen.kt:402)
	at org.jetbrains.kotlin.backend.jvm.codegen.ClassCodegen.generate(ClassCodegen.kt:169)
	at org.jetbrains.kotlin.backend.jvm.FileCodegen.lower(JvmPhases.kt:41)
	at org.jetbrains.kotlin.backend.common.phaser.PhaseBuildersKt.makeIrFilePhase$lambda$5(PhaseBuilders.kt:114)
	at org.jetbrains.kotlin.backend.common.phaser.PhaseBuildersKt$createSimpleNamedCompilerPhase$1.phaseBody(PhaseBuilders.kt:71)
	at org.jetbrains.kotlin.backend.common.phaser.SimpleNamedCompilerPhase.phaseBody(CompilerPhase.kt:226)
	at org.jetbrains.kotlin.backend.common.phaser.AbstractNamedCompilerPhase.invoke(CompilerPhase.kt:113)
	at org.jetbrains.kotlin.backend.common.phaser.PerformByIrFilePhase.invokeSequential(performByIrFile.kt:62)
	... 43 more
Caused by: org.jetbrains.kotlin.codegen.CompilationException: Back-end (JVM) Internal error: Couldn't inline method call: CALL 'public final fun Column$default (modifier: androidx.compose.ui.Modifier?, verticalArrangement: androidx.compose.foundation.layout.Arrangement.Vertical?, horizontalAlignment: androidx.compose.ui.Alignment.Horizontal?, content: @[Composable] @[ExtensionFunctionType] kotlin.Function1<androidx.compose.foundation.layout.ColumnScope, kotlin.Unit>, $mask0: kotlin.Int, $handler: kotlin.Any?): kotlin.Unit [inline] declared in androidx.compose.foundation.layout.ColumnKt' type=kotlin.Unit origin=DEFAULT_DISPATCH_CALL
Method: null
File is unknown
The root cause java.lang.IllegalStateException was thrown at: org.jetbrains.kotlin.codegen.inline.SourceCompilerForInlineKt.getMethodNode(SourceCompilerForInline.kt:118)
	at org.jetbrains.kotlin.codegen.inline.InlineCodegen.performInline(InlineCodegen.kt:65)
	at org.jetbrains.kotlin.backend.jvm.codegen.IrInlineCodegen.genInlineCall(IrInlineCodegen.kt:162)
	at org.jetbrains.kotlin.backend.jvm.codegen.IrInlineCallGenerator.genCall(IrInlineCallGenerator.kt:36)
	at org.jetbrains.kotlin.backend.jvm.codegen.ExpressionCodegen.visitCall(ExpressionCodegen.kt:647)
	at org.jetbrains.kotlin.backend.jvm.codegen.ExpressionCodegen.visitCall(ExpressionCodegen.kt:137)
	at org.jetbrains.kotlin.ir.expressions.IrCall.accept(IrCall.kt:24)
	at org.jetbrains.kotlin.backend.jvm.codegen.ExpressionCodegen.visitStatementContainer(ExpressionCodegen.kt:573)
	at org.jetbrains.kotlin.backend.jvm.codegen.ExpressionCodegen.visitContainerExpression(ExpressionCodegen.kt:587)
	at org.jetbrains.kotlin.backend.jvm.codegen.ExpressionCodegen.visitContainerExpression(ExpressionCodegen.kt:137)
	at org.jetbrains.kotlin.ir.visitors.IrElementVisitor$DefaultImpls.visitBlock(IrElementVisitor.kt:122)
	at org.jetbrains.kotlin.backend.jvm.codegen.ExpressionCodegen.visitBlock(ExpressionCodegen.kt:407)
	at org.jetbrains.kotlin.backend.jvm.codegen.ExpressionCodegen.visitBlock(ExpressionCodegen.kt:137)
	at org.jetbrains.kotlin.ir.expressions.IrBlock.accept(IrBlock.kt:18)
	at org.jetbrains.kotlin.backend.jvm.codegen.ExpressionCodegen.visitStatementContainer(ExpressionCodegen.kt:573)
	at org.jetbrains.kotlin.backend.jvm.codegen.ExpressionCodegen.visitBlockBody(ExpressionCodegen.kt:578)
	at org.jetbrains.kotlin.backend.jvm.codegen.ExpressionCodegen.visitBlockBody(ExpressionCodegen.kt:137)
	at org.jetbrains.kotlin.ir.expressions.IrBlockBody.accept(IrBlockBody.kt:20)
	at org.jetbrains.kotlin.backend.jvm.codegen.ExpressionCodegen.generate(ExpressionCodegen.kt:239)
	at org.jetbrains.kotlin.backend.jvm.codegen.FunctionCodegen.doGenerate(FunctionCodegen.kt:121)
	at org.jetbrains.kotlin.backend.jvm.codegen.FunctionCodegen.generate(FunctionCodegen.kt:46)
	... 53 more
Caused by: java.lang.IllegalStateException: couldn't find inline method Landroidx/compose/foundation/layout/ColumnKt;.Column$default(Landroidx/compose/ui/Modifier;Landroidx/compose/foundation/layout/Arrangement$Vertical;Landroidx/compose/ui/Alignment$Horizontal;Lkotlin/jvm/functions/Function1;ILjava/lang/Object;)V
	at org.jetbrains.kotlin.codegen.inline.SourceCompilerForInlineKt.getMethodNode(SourceCompilerForInline.kt:118)
	at org.jetbrains.kotlin.codegen.inline.SourceCompilerForInlineKt.loadCompiledInlineFunction(SourceCompilerForInline.kt:96)
	at org.jetbrains.kotlin.backend.jvm.codegen.IrSourceCompilerForInline.compileInlineFunction(IrSourceCompilerForInline.kt:91)
	at org.jetbrains.kotlin.codegen.inline.InlineCodegen.compileInline(InlineCodegen.kt:43)
	at org.jetbrains.kotlin.codegen.inline.InlineCodegen.performInline(InlineCodegen.kt:51)
	... 72 more


